2022/04/29 03:25:20:842 INFORMAÇÕES m.a: ------------------ VM Info ------------------
2022/04/29 03:25:20:850 INFORMAÇÕES m.a: -- OS Name: Linux
2022/04/29 03:25:20:850 INFORMAÇÕES m.a: -- OS Arch: amd64
2022/04/29 03:25:20:851 INFORMAÇÕES m.a: -- OS Vers: 5.13.0-40-generic
2022/04/29 03:25:20:851 INFORMAÇÕES m.a: -- Java Vers: 11.0.15
2022/04/29 03:25:20:852 INFORMAÇÕES m.a: -- Java Home: /usr/lib/jvm/java-11-openjdk-amd64
2022/04/29 03:25:20:852 INFORMAÇÕES m.a: -- User Name: daniel
2022/04/29 03:25:20:853 INFORMAÇÕES m.a: -- User Home: /home/daniel
2022/04/29 03:25:20:853 INFORMAÇÕES m.a: -- Cur dir: /media/daniel/Seagate Expansion Drive/[Documentos]/[Documentos] Projetos/[Projetos] Servidores de Jogos/aos-repository/[AoS] Clients-Engines-Sources/voxelshop/VoxelShop
2022/04/29 03:25:20:854 INFORMAÇÕES m.a: ---------------------------------------------
2022/04/29 03:25:20:959 INFORMAÇÕES m.a: ---------------- Proxy Info -----------------
2022/04/29 03:25:20:960 INFORMAÇÕES m.a: -- Proxy Host: null
2022/04/29 03:25:20:960 INFORMAÇÕES m.a: -- Proxy Port: null
2022/04/29 03:25:20:961 INFORMAÇÕES m.a: ---------------------------------------------
2022/04/29 03:25:20:970 INFORMAÇÕES m.a: Able to lock for updates: true
2022/04/29 03:25:21:132 INFORMAÇÕES m.a: Verifying application: http://blackflux.com/software/vs/upd/
2022/04/29 03:25:21:133 INFORMAÇÕES m.a: Version: -1
2022/04/29 03:25:21:134 INFORMAÇÕES m.a: Class: com.vitco.Main
2022/04/29 03:25:21:134 INFORMAÇÕES m.a: Dropping status 'm.validating'.
2022/04/29 03:25:21:156 INFORMAÇÕES m.a: Attempting to refetch 'digest.txt' from 'http://blackflux.com/software/vs/upd/digest.txt'.
2022/04/29 03:25:21:702 INFORMAÇÕES m.a: No signers, not verifying file [path=digest.txt]
2022/04/29 03:25:21:725 INFORMAÇÕES m.a: Resources verified.
2022/04/29 03:25:21:728 INFORMAÇÕES m.a: Didn't find any custom environment variables, not setting any.
2022/04/29 03:25:21:729 INFORMAÇÕES m.a: Running /usr/lib/jvm/java-11-openjdk-amd64/bin/java
  -classpath
  /media/daniel/Seagate Expansion Drive/[Documentos]/[Documentos] Projetos/[Projetos] Servidores de Jogos/aos-repository/[AoS] Clients-Engines-Sources/voxelshop/VoxelShop/data/main.jar:/media/daniel/Seagate Expansion Drive/[Documentos]/[Documentos] Projetos/[Projetos] Servidores de Jogos/aos-repository/[AoS] Clients-Engines-Sources/voxelshop/VoxelShop/data/lib/commons-logging-1.1.1.jar:/media/daniel/Seagate Expansion Drive/[Documentos]/[Documentos] Projetos/[Projetos] Servidores de Jogos/aos-repository/[AoS] Clients-Engines-Sources/voxelshop/VoxelShop/data/lib/jide-action.jar:/media/daniel/Seagate Expansion Drive/[Documentos]/[Documentos] Projetos/[Projetos] Servidores de Jogos/aos-repository/[AoS] Clients-Engines-Sources/voxelshop/VoxelShop/data/lib/jide-common.jar:/media/daniel/Seagate Expansion Drive/[Documentos]/[Documentos] Projetos/[Projetos] Servidores de Jogos/aos-repository/[AoS] Clients-Engines-Sources/voxelshop/VoxelShop/data/lib/jide-dock.jar:/media/daniel/Seagate Expansion Drive/[Documentos]/[Documentos] Projetos/[Projetos] Servidores de Jogos/aos-repository/[AoS] Clients-Engines-Sources/voxelshop/VoxelShop/data/lib/org.springframework.asm-3.1.2.RELEASE.jar:/media/daniel/Seagate Expansion Drive/[Documentos]/[Documentos] Projetos/[Projetos] Servidores de Jogos/aos-repository/[AoS] Clients-Engines-Sources/voxelshop/VoxelShop/data/lib/org.springframework.aspects-3.1.2.RELEASE.jar:/media/daniel/Seagate Expansion Drive/[Documentos]/[Documentos] Projetos/[Projetos] Servidores de Jogos/aos-repository/[AoS] Clients-Engines-Sources/voxelshop/VoxelShop/data/lib/org.springframework.beans-3.1.2.RELEASE.jar:/media/daniel/Seagate Expansion Drive/[Documentos]/[Documentos] Projetos/[Projetos] Servidores de Jogos/aos-repository/[AoS] Clients-Engines-Sources/voxelshop/VoxelShop/data/lib/org.springframework.context-3.1.2.RELEASE.jar:/media/daniel/Seagate Expansion Drive/[Documentos]/[Documentos] Projetos/[Projetos] Servidores de Jogos/aos-repository/[AoS] Clients-Engines-Sources/voxelshop/VoxelShop/data/lib/org.springframework.core-3.1.2.RELEASE.jar:/media/daniel/Seagate Expansion Drive/[Documentos]/[Documentos] Projetos/[Projetos] Servidores de Jogos/aos-repository/[AoS] Clients-Engines-Sources/voxelshop/VoxelShop/data/lib/org.springframework.expression-3.1.2.RELEASE.jar:/media/daniel/Seagate Expansion Drive/[Documentos]/[Documentos] Projetos/[Projetos] Servidores de Jogos/aos-repository/[AoS] Clients-Engines-Sources/voxelshop/VoxelShop/data/lib/org.springframework.orm-3.1.2.RELEASE.jar:/media/daniel/Seagate Expansion Drive/[Documentos]/[Documentos] Projetos/[Projetos] Servidores de Jogos/aos-repository/[AoS] Clients-Engines-Sources/voxelshop/VoxelShop/data/lib/commons-codec-1.6.jar:/media/daniel/Seagate Expansion Drive/[Documentos]/[Documentos] Projetos/[Projetos] Servidores de Jogos/aos-repository/[AoS] Clients-Engines-Sources/voxelshop/VoxelShop/data/lib/httpcore-4.2.1.jar:/media/daniel/Seagate Expansion Drive/[Documentos]/[Documentos] Projetos/[Projetos] Servidores de Jogos/aos-repository/[AoS] Clients-Engines-Sources/voxelshop/VoxelShop/data/lib/httpclient-4.2.1.jar:/media/daniel/Seagate Expansion Drive/[Documentos]/[Documentos] Projetos/[Projetos] Servidores de Jogos/aos-repository/[AoS] Clients-Engines-Sources/voxelshop/VoxelShop/data/lib/httpmime-4.2.1.jar:/media/daniel/Seagate Expansion Drive/[Documentos]/[Documentos] Projetos/[Projetos] Servidores de Jogos/aos-repository/[AoS] Clients-Engines-Sources/voxelshop/VoxelShop/data/lib/log4j-1.2.17.jar:/media/daniel/Seagate Expansion Drive/[Documentos]/[Documentos] Projetos/[Projetos] Servidores de Jogos/aos-repository/[AoS] Clients-Engines-Sources/voxelshop/VoxelShop/data/lib/jpct.jar:/media/daniel/Seagate Expansion Drive/[Documentos]/[Documentos] Projetos/[Projetos] Servidores de Jogos/aos-repository/[AoS] Clients-Engines-Sources/voxelshop/VoxelShop/data/lib/jai_codec.jar:/media/daniel/Seagate Expansion Drive/[Documentos]/[Documentos] Projetos/[Projetos] Servidores de Jogos/aos-repository/[AoS] Clients-Engines-Sources/voxelshop/VoxelShop/data/lib/jai_core.jar:/media/daniel/Seagate Expansion Drive/[Documentos]/[Documentos] Projetos/[Projetos] Servidores de Jogos/aos-repository/[AoS] Clients-Engines-Sources/voxelshop/VoxelShop/data/lib/jt-all-1.3.1.jar:/media/daniel/Seagate Expansion Drive/[Documentos]/[Documentos] Projetos/[Projetos] Servidores de Jogos/aos-repository/[AoS] Clients-Engines-Sources/voxelshop/VoxelShop/data/lib/jts-1.8.jar:/media/daniel/Seagate Expansion Drive/[Documentos]/[Documentos] Projetos/[Projetos] Servidores de Jogos/aos-repository/[AoS] Clients-Engines-Sources/voxelshop/VoxelShop/data/lib/poly2tri-ardor3d-0.1.1-SNAPSHOT.jar:/media/daniel/Seagate Expansion Drive/[Documentos]/[Documentos] Projetos/[Projetos] Servidores de Jogos/aos-repository/[AoS] Clients-Engines-Sources/voxelshop/VoxelShop/data/lib/poly2tri-core-0.1.1-SNAPSHOT.jar:/media/daniel/Seagate Expansion Drive/[Documentos]/[Documentos] Projetos/[Projetos] Servidores de Jogos/aos-repository/[AoS] Clients-Engines-Sources/voxelshop/VoxelShop/data/lib/slf4j-api-1.6.5.jar:/media/daniel/Seagate Expansion Drive/[Documentos]/[Documentos] Projetos/[Projetos] Servidores de Jogos/aos-repository/[AoS] Clients-Engines-Sources/voxelshop/VoxelShop/data/lib/slf4j-log4j12-1.6.5.jar:/media/daniel/Seagate Expansion Drive/[Documentos]/[Documentos] Projetos/[Projetos] Servidores de Jogos/aos-repository/[AoS] Clients-Engines-Sources/voxelshop/VoxelShop/data/lib/trove-3.0.3.jar:/media/daniel/Seagate Expansion Drive/[Documentos]/[Documentos] Projetos/[Projetos] Servidores de Jogos/aos-repository/[AoS] Clients-Engines-Sources/voxelshop/VoxelShop/data/lib/algs4-package.jar:/media/daniel/Seagate Expansion Drive/[Documentos]/[Documentos] Projetos/[Projetos] Servidores de Jogos/aos-repository/[AoS] Clients-Engines-Sources/voxelshop/VoxelShop/data/lib/stdlib-package.jar:/media/daniel/Seagate Expansion Drive/[Documentos]/[Documentos] Projetos/[Projetos] Servidores de Jogos/aos-repository/[AoS] Clients-Engines-Sources/voxelshop/VoxelShop/data/lib/pngtastic-0.4.0.jar
  -Dcom.threerings.getdown=true
  -Xmx1024m
  -Xms512M
  -XX:+UseParNewGC
  -splash:/media/daniel/Seagate Expansion Drive/[Documentos]/[Documentos] Projetos/[Projetos] Servidores de Jogos/aos-repository/[AoS] Clients-Engines-Sources/voxelshop/VoxelShop/data/images/splash.png
  com.vitco.Main
libpng warning: iCCP: known incorrect sRGB profileUnrecognized VM option 'UseParNewGC'Error: Could not create the Java Virtual Machine.Error: A fatal exception has occurred. Program will exit.